INFO:root:latest_id not found  or too old
INFO:root:Latest task id 267125
INFO:root:Latest task id 267125
INFO:root:Latest task id 267127
INFO:root:Getting tasks info for tasks: [267127]
INFO:root:Parsing task 267127
INFO:root:Checking task 267127
INFO:root:Bad task. Keywords not found
INFO:root:Latest task id 267127
INFO:root:Latest task id 267127
INFO:root:Latest task id 267129
INFO:root:Getting tasks info for tasks: [267129]
INFO:root:Parsing task 267129
INFO:root:Checking task 267129
INFO:root:Bad task. Keywords not found
INFO:root:Latest task id 267129
INFO:root:Latest task id 267131
INFO:root:Getting tasks info for tasks: [267131]
INFO:root:Parsing task 267131
ERROR:root:Can't parse finance
INFO:root:Checking task 267131
INFO:root:Bad task. Keywords not found
INFO:root:Latest task id 267131
INFO:root:Latest task id 267133
INFO:root:Getting tasks info for tasks: [267133]
INFO:root:Parsing task 267133
ERROR:root:Can't parse finance
INFO:root:Checking task 267133
INFO:root:Bad task. Keywords not found
INFO:root:Latest task id 267133
INFO:root:Latest task id 267133
INFO:root:Latest task id 267133
INFO:root:Latest task id 267133
INFO:root:Latest task id 267133
INFO:root:Latest task id 267133
INFO:root:Latest task id 267133
INFO:root:Latest task id 267133
INFO:root:Latest task id 267133
INFO:root:Latest task id 267133
INFO:root:Latest task id 267135
INFO:root:Getting tasks info for tasks: [267135]
INFO:root:Parsing task 267135
INFO:root:Checking task 267135
INFO:root:Bad task. Keywords not found
INFO:root:Latest task id 267135
INFO:root:Latest task id 267135
INFO:root:Latest task id 267137
INFO:root:Getting tasks info for tasks: [267137]
INFO:root:Parsing task 267137
INFO:root:Checking task 267137
INFO:root:Bad task. Keywords not found
INFO:root:Latest task id 267137
INFO:root:Latest task id 267137
INFO:root:Latest task id 267137
INFO:root:Latest task id 267137
INFO:root:Latest task id 267137
INFO:root:Latest task id 267137
INFO:root:Latest task id 267139
INFO:root:Getting tasks info for tasks: [267139]
INFO:root:Parsing task 267139
ERROR:root:Can't parse finance
INFO:root:Checking task 267139
INFO:root:Bad task. Keywords not found
INFO:root:Latest task id 267139
INFO:root:Latest task id 267139
INFO:root:Latest task id 267141
INFO:root:Getting tasks info for tasks: [267141]
INFO:root:Parsing task 267141
ERROR:root:Can't parse finance
INFO:root:Checking task 267141
INFO:root:Bad task. Keywords not found
INFO:root:Latest task id 267141
INFO:root:Latest task id 267141
INFO:root:Latest task id 267141
INFO:root:Latest task id 267141
INFO:root:Latest task id 267143
INFO:root:Getting tasks info for tasks: [267143]
INFO:root:Parsing task 267143
INFO:root:Checking task 267143
INFO:root:Bad task. Keywords not found
INFO:root:Latest task id 267143
INFO:root:Latest task id 267143
INFO:root:Latest task id 267143
INFO:root:Latest task id 267143
INFO:root:Latest task id 267143
INFO:root:Latest task id 267143
INFO:root:Latest task id 267143
INFO:root:Latest task id 267143
INFO:root:Latest task id 267143
INFO:root:Latest task id 267143
INFO:root:Latest task id 267143
INFO:root:Latest task id 267145
INFO:root:Getting tasks info for tasks: [267145]
INFO:root:Parsing task 267145
INFO:root:Checking task 267145
INFO:root:Bad task. Keywords not found
INFO:root:Latest task id 267145
INFO:root:Latest task id 267147
INFO:root:Getting tasks info for tasks: [267147]
INFO:root:Parsing task 267147
INFO:root:Checking task 267147
INFO:root:Bad task. Keywords not found
INFO:root:Latest task id 267147
INFO:root:Latest task id 267147
INFO:root:Latest task id 267147
INFO:root:Latest task id 267149
INFO:root:Getting tasks info for tasks: [267149]
INFO:root:Parsing task 267149
ERROR:root:Can't parse finance
INFO:root:Checking task 267149
INFO:root:Bad task. Keywords not found
INFO:root:Latest task id 267149
INFO:root:Latest task id 267149
INFO:root:Latest task id 267149
INFO:root:Latest task id 267149
INFO:root:Latest task id 267149
INFO:root:Latest task id 267149
INFO:root:Latest task id 267149
INFO:root:Latest task id 267149
INFO:root:Latest task id 267149
INFO:root:Latest task id 267149
INFO:root:Latest task id 267149
INFO:root:Latest task id 267149
INFO:root:Latest task id 267149
INFO:root:Latest task id 267149
INFO:root:Latest task id 267149
INFO:root:Latest task id 267149
INFO:root:Latest task id 267149
INFO:root:Latest task id 267149
INFO:root:latest_id not found  or too old
INFO:root:Latest task id 267215
INFO:root:Getting tasks info for tasks: 267187
INFO:root:Parsing task 267187
INFO:root:Getting tasks info for tasks: 267187
INFO:root:Parsing task 267187
INFO:root:Getting tasks info for tasks: 267187
INFO:root:Parsing task 267187
INFO:root:Getting tasks info for tasks: 267187
INFO:root:Parsing task 267187
INFO:root:Getting tasks info for tasks: 267187
INFO:root:Parsing task 267187
INFO:root:Getting tasks info for tasks: 267187
INFO:root:Parsing task 267187
INFO:root:Getting tasks info for tasks: 267187
INFO:root:Parsing task 267187
